<?xml version="1.0" encoding="UTF-8"?>
<testsuite name="com.sparta.newsfeed.PasswordEncoderTest" tests="1" skipped="0" failures="0" errors="0" timestamp="2024-01-29T09:18:25" hostname="KYUNGJIN" time="1.933">
  <properties/>
  <testcase name="수동 등록한 passwordEncoder를 주입 받아와 문자열 암호화" classname="com.sparta.newsfeed.PasswordEncoderTest" time="1.933"/>
  <system-out><![CDATA[18:18:08.249 [Test worker] INFO org.springframework.test.context.support.AnnotationConfigContextLoaderUtils -- Could not detect default configuration classes for test class [com.sparta.newsfeed.PasswordEncoderTest]: PasswordEncoderTest does not declare any static, non-private, non-final, nested classes annotated with @Configuration.
18:18:08.668 [Test worker] INFO org.springframework.boot.test.context.SpringBootTestContextBootstrapper -- Found @SpringBootConfiguration com.sparta.newsfeed.NewsfeedApplication for test class com.sparta.newsfeed.PasswordEncoderTest

  .   ____          _            __ _ _
 /\\ / ___'_ __ _ _(_)_ __  __ _ \ \ \ \
( ( )\___ | '_ | '_| | '_ \/ _` | \ \ \ \
 \\/  ___)| |_)| | | | | || (_| |  ) ) ) )
  '  |____| .__|_| |_|_| |_\__, | / / / /
 =========|_|==============|___/=/_/_/_/
 :: Spring Boot ::                (v3.2.2)

2024-01-29T18:18:10.088+09:00  INFO 56896 --- [    Test worker] c.sparta.newsfeed.PasswordEncoderTest    : Starting PasswordEncoderTest using Java 17.0.10 with PID 56896 (started by leekyungjin in C:\intelliJ_study\newsfeed_project\newsfeed)
2024-01-29T18:18:10.092+09:00  INFO 56896 --- [    Test worker] c.sparta.newsfeed.PasswordEncoderTest    : No active profile set, falling back to 1 default profile: "default"
2024-01-29T18:18:12.459+09:00  INFO 56896 --- [    Test worker] .s.d.r.c.RepositoryConfigurationDelegate : Bootstrapping Spring Data JPA repositories in DEFAULT mode.
2024-01-29T18:18:12.686+09:00  INFO 56896 --- [    Test worker] .s.d.r.c.RepositoryConfigurationDelegate : Finished Spring Data repository scanning in 199 ms. Found 1 JPA repository interface.
2024-01-29T18:18:14.497+09:00  INFO 56896 --- [    Test worker] o.hibernate.jpa.internal.util.LogHelper  : HHH000204: Processing PersistenceUnitInfo [name: default]
2024-01-29T18:18:14.835+09:00  INFO 56896 --- [    Test worker] org.hibernate.Version                    : HHH000412: Hibernate ORM core version 6.4.1.Final
2024-01-29T18:18:14.984+09:00  INFO 56896 --- [    Test worker] o.h.c.internal.RegionFactoryInitiator    : HHH000026: Second-level cache disabled
2024-01-29T18:18:15.879+09:00  INFO 56896 --- [    Test worker] o.s.o.j.p.SpringPersistenceUnitInfo      : No LoadTimeWeaver setup: ignoring JPA class transformer
2024-01-29T18:18:15.982+09:00  INFO 56896 --- [    Test worker] com.zaxxer.hikari.HikariDataSource       : HikariPool-1 - Starting...
2024-01-29T18:18:16.986+09:00  INFO 56896 --- [    Test worker] com.zaxxer.hikari.pool.HikariPool        : HikariPool-1 - Added connection com.mysql.cj.jdbc.ConnectionImpl@1c8f71a7
2024-01-29T18:18:16.993+09:00  INFO 56896 --- [    Test worker] com.zaxxer.hikari.HikariDataSource       : HikariPool-1 - Start completed.
2024-01-29T18:18:20.618+09:00  INFO 56896 --- [    Test worker] o.h.e.t.j.p.i.JtaPlatformInitiator       : HHH000489: No JTA platform available (set 'hibernate.transaction.jta.platform' to enable JTA platform integration)
Hibernate: 
    create table users (
        id bigint not null auto_increment,
        email varchar(255) not null,
        name varchar(255) not null,
        password varchar(255) not null,
        role enum ('USER','ADMIN') not null,
        username varchar(255) not null,
        primary key (id)
    ) engine=InnoDB
Hibernate: 
    alter table users 
       drop index UK_6dotkott2kjsp8vw4d0m25fb7
Hibernate: 
    alter table users 
       add constraint UK_6dotkott2kjsp8vw4d0m25fb7 unique (email)
Hibernate: 
    alter table users 
       drop index UK_r43af9ap4edm43mmtq01oddj6
Hibernate: 
    alter table users 
       add constraint UK_r43af9ap4edm43mmtq01oddj6 unique (username)
2024-01-29T18:18:20.939+09:00  INFO 56896 --- [    Test worker] j.LocalContainerEntityManagerFactoryBean : Initialized JPA EntityManagerFactory for persistence unit 'default'
2024-01-29T18:18:22.700+09:00  WARN 56896 --- [    Test worker] JpaBaseConfiguration$JpaWebConfiguration : spring.jpa.open-in-view is enabled by default. Therefore, database queries may be performed during view rendering. Explicitly configure spring.jpa.open-in-view to disable this warning
2024-01-29T18:18:24.845+09:00  WARN 56896 --- [    Test worker] .s.s.UserDetailsServiceAutoConfiguration : 

Using generated security password: d1ea16f1-9ac4-47e3-b3de-27899796adc9

This generated password is for development use only. Your security configuration must be updated before running your application in production.

2024-01-29T18:18:25.394+09:00  INFO 56896 --- [    Test worker] o.s.s.web.DefaultSecurityFilterChain     : Will secure any request with [org.springframework.security.web.session.DisableEncodeUrlFilter@5f63a6f2, org.springframework.security.web.context.request.async.WebAsyncManagerIntegrationFilter@6a577564, org.springframework.security.web.context.SecurityContextHolderFilter@352a8183, org.springframework.security.web.header.HeaderWriterFilter@64dcfd09, org.springframework.web.filter.CorsFilter@67915454, org.springframework.security.web.csrf.CsrfFilter@12ae75f1, org.springframework.security.web.authentication.logout.LogoutFilter@10ab976b, org.springframework.security.web.authentication.UsernamePasswordAuthenticationFilter@14f03f2, org.springframework.security.web.authentication.ui.DefaultLoginPageGeneratingFilter@420dde28, org.springframework.security.web.authentication.ui.DefaultLogoutPageGeneratingFilter@18876fa9, org.springframework.security.web.authentication.www.BasicAuthenticationFilter@35b70f9d, org.springframework.security.web.savedrequest.RequestCacheAwareFilter@47a68e3f, org.springframework.security.web.servletapi.SecurityContextHolderAwareRequestFilter@52288c65, org.springframework.security.web.authentication.AnonymousAuthenticationFilter@5a110e7d, org.springframework.security.web.access.ExceptionTranslationFilter@13f358f8, org.springframework.security.web.access.intercept.AuthorizationFilter@68a7bc12]
2024-01-29T18:18:25.689+09:00  INFO 56896 --- [    Test worker] c.sparta.newsfeed.PasswordEncoderTest    : Started PasswordEncoderTest in 16.321 seconds (process running for 20.891)
encodePassword = $2a$10$KWA7MDIKrXUgkRyFVSCHwONoOXaArrSS8iC/337e1XUR9SshnqDBa
matches = false
]]></system-out>
  <system-err><![CDATA[]]></system-err>
</testsuite>
